2566-02-08 09:15:28,084 [Worker-5: Loading available Gradle versions] INFO  o.e.b.c.i.u.g.PublishedGradleVersions - Gradle version information cache is up-to-date. Trying to read.
2566-02-08 09:18:10,216 [Worker-5: Enabling Maven Dependency Management] INFO  o.e.m.c.i.l.LifecycleMappingFactory - Using org.eclipse.m2e.jdt.JarLifecycleMapping lifecycle mapping for MavenProject: Exam:Exam:0.0.1-SNAPSHOT @ D:\Exam\Exam\pom.xml.
2566-02-08 09:18:11,732 [Worker-18: Building] WARN  o.e.m.c.i.embedder.EclipseLogger - Using platform encoding (MS874 actually) to copy filtered resources, i.e. build is platform dependent!
2566-02-08 09:18:11,733 [Worker-18: Building] INFO  o.e.m.c.i.embedder.EclipseLogger - skip non existing resourceDirectory D:\Exam\Exam\src\main\resources
2566-02-08 09:18:11,737 [Worker-18: Building] WARN  o.e.m.c.i.embedder.EclipseLogger - Using platform encoding (MS874 actually) to copy filtered resources, i.e. build is platform dependent!
2566-02-08 09:18:11,738 [Worker-18: Building] INFO  o.e.m.c.i.embedder.EclipseLogger - skip non existing resourceDirectory D:\Exam\Exam\src\test\resources
2566-02-08 09:18:11,916 [Worker-5: Enabling Maven Dependency Management] INFO  o.e.m.j.i.AbstractJavaProjectConfigurator - Adding source folder /Exam/src
2566-02-08 09:18:11,917 [Worker-5: Enabling Maven Dependency Management] INFO  o.e.m.j.i.AbstractJavaProjectConfigurator - Not adding source folder /Exam/src/test/java because it overlaps with /Exam/src
2566-02-08 09:18:12,011 [Worker-5: Enabling Maven Dependency Management] INFO  o.e.m.c.i.p.ProjectConfigurationManager - Update started
2566-02-08 09:18:12,381 [Worker-5: Enabling Maven Dependency Management] INFO  o.e.m.c.i.l.LifecycleMappingFactory - Using org.eclipse.m2e.jdt.JarLifecycleMapping lifecycle mapping for MavenProject: Exam:Exam:0.0.1-SNAPSHOT @ D:\Exam\Exam\pom.xml.
2566-02-08 09:18:12,660 [Worker-5: Enabling Maven Dependency Management] INFO  o.e.m.j.i.AbstractJavaProjectConfigurator - Adding source folder /Exam/src
2566-02-08 09:18:12,660 [Worker-5: Enabling Maven Dependency Management] INFO  o.e.m.j.i.AbstractJavaProjectConfigurator - Not adding source folder /Exam/src/test/java because it overlaps with /Exam/src
2566-02-08 09:18:12,722 [Worker-5: Enabling Maven Dependency Management] INFO  o.e.m.c.i.p.ProjectConfigurationManager - Update completed for 1 poms: local refresh takes 0.00 sec, refresh facades takes 0.00 sec, update config takes 0.00 sec 
2566-02-08 09:18:12,988 [Worker-18: Building] WARN  o.e.m.c.i.embedder.EclipseLogger - Using platform encoding (MS874 actually) to copy filtered resources, i.e. build is platform dependent!
2566-02-08 09:18:12,989 [Worker-18: Building] INFO  o.e.m.c.i.embedder.EclipseLogger - skip non existing resourceDirectory D:\Exam\Exam\src\main\resources
2566-02-08 09:18:12,993 [Worker-18: Building] WARN  o.e.m.c.i.embedder.EclipseLogger - Using platform encoding (MS874 actually) to copy filtered resources, i.e. build is platform dependent!
2566-02-08 09:18:12,994 [Worker-18: Building] INFO  o.e.m.c.i.embedder.EclipseLogger - skip non existing resourceDirectory D:\Exam\Exam\src\test\resources
2566-02-08 09:18:22,063 [Worker-18: Building] INFO  o.e.m.c.i.l.LifecycleMappingFactory - Using org.eclipse.m2e.jdt.JarLifecycleMapping lifecycle mapping for MavenProject: CURAHealthSeviceSelenium:CURAHealthSeviceSelenium:0.0.1-SNAPSHOT @ D:\Exam\Exam\pom.xml.
2566-02-08 09:18:22,235 [Worker-18: Building] WARN  o.e.m.c.i.embedder.EclipseLogger - Using platform encoding (MS874 actually) to copy filtered resources, i.e. build is platform dependent!
2566-02-08 09:18:22,236 [Worker-18: Building] INFO  o.e.m.c.i.embedder.EclipseLogger - skip non existing resourceDirectory D:\Exam\Exam\src\main\resources
2566-02-08 09:18:22,240 [Worker-18: Building] WARN  o.e.m.c.i.embedder.EclipseLogger - Using platform encoding (MS874 actually) to copy filtered resources, i.e. build is platform dependent!
2566-02-08 09:18:22,242 [Worker-18: Building] INFO  o.e.m.c.i.embedder.EclipseLogger - skip non existing resourceDirectory D:\Exam\Exam\src\test\resources
2566-02-08 09:18:23,428 [Worker-18: Building] WARN  o.e.m.c.i.embedder.EclipseLogger - Using platform encoding (MS874 actually) to copy filtered resources, i.e. build is platform dependent!
2566-02-08 09:18:23,429 [Worker-18: Building] INFO  o.e.m.c.i.embedder.EclipseLogger - skip non existing resourceDirectory D:\Exam\Exam\src\main\resources
2566-02-08 09:18:23,431 [Worker-18: Building] WARN  o.e.m.c.i.embedder.EclipseLogger - Using platform encoding (MS874 actually) to copy filtered resources, i.e. build is platform dependent!
2566-02-08 09:18:23,432 [Worker-18: Building] INFO  o.e.m.c.i.embedder.EclipseLogger - skip non existing resourceDirectory D:\Exam\Exam\src\test\resources
2566-02-08 09:23:29,961 [Worker-14: Building] WARN  o.e.m.c.i.embedder.EclipseLogger - Using platform encoding (MS874 actually) to copy filtered resources, i.e. build is platform dependent!
2566-02-08 09:23:29,963 [Worker-14: Building] INFO  o.e.m.c.i.embedder.EclipseLogger - skip non existing resourceDirectory D:\Exam\Exam\src\main\resources
2566-02-08 09:23:29,966 [Worker-14: Building] WARN  o.e.m.c.i.embedder.EclipseLogger - Using platform encoding (MS874 actually) to copy filtered resources, i.e. build is platform dependent!
2566-02-08 09:23:29,967 [Worker-14: Building] INFO  o.e.m.c.i.embedder.EclipseLogger - skip non existing resourceDirectory D:\Exam\Exam\src\test\resources
2566-02-08 09:29:57,003 [Worker-14: Building] WARN  o.e.m.c.i.embedder.EclipseLogger - Using platform encoding (MS874 actually) to copy filtered resources, i.e. build is platform dependent!
2566-02-08 09:29:57,004 [Worker-14: Building] INFO  o.e.m.c.i.embedder.EclipseLogger - skip non existing resourceDirectory D:\Exam\Exam\src\main\resources
2566-02-08 09:29:57,006 [Worker-14: Building] WARN  o.e.m.c.i.embedder.EclipseLogger - Using platform encoding (MS874 actually) to copy filtered resources, i.e. build is platform dependent!
2566-02-08 09:29:57,007 [Worker-14: Building] INFO  o.e.m.c.i.embedder.EclipseLogger - skip non existing resourceDirectory D:\Exam\Exam\src\test\resources
2566-02-08 09:30:21,713 [Worker-23: Launching Examtest] WARN  o.e.m.c.i.embedder.EclipseLogger - Using platform encoding (MS874 actually) to copy filtered resources, i.e. build is platform dependent!
2566-02-08 09:30:21,715 [Worker-23: Launching Examtest] INFO  o.e.m.c.i.embedder.EclipseLogger - skip non existing resourceDirectory D:\Exam\Exam\src\main\resources
2566-02-08 09:30:21,717 [Worker-23: Launching Examtest] WARN  o.e.m.c.i.embedder.EclipseLogger - Using platform encoding (MS874 actually) to copy filtered resources, i.e. build is platform dependent!
2566-02-08 09:30:21,718 [Worker-23: Launching Examtest] INFO  o.e.m.c.i.embedder.EclipseLogger - skip non existing resourceDirectory D:\Exam\Exam\src\test\resources
2566-02-08 09:30:59,696 [Worker-26: Launching Examtest] WARN  o.e.m.c.i.embedder.EclipseLogger - Using platform encoding (MS874 actually) to copy filtered resources, i.e. build is platform dependent!
2566-02-08 09:30:59,697 [Worker-26: Launching Examtest] INFO  o.e.m.c.i.embedder.EclipseLogger - skip non existing resourceDirectory D:\Exam\Exam\src\main\resources
2566-02-08 09:30:59,701 [Worker-26: Launching Examtest] WARN  o.e.m.c.i.embedder.EclipseLogger - Using platform encoding (MS874 actually) to copy filtered resources, i.e. build is platform dependent!
2566-02-08 09:30:59,702 [Worker-26: Launching Examtest] INFO  o.e.m.c.i.embedder.EclipseLogger - skip non existing resourceDirectory D:\Exam\Exam\src\test\resources
2566-02-08 10:06:53,142 [Worker-27: Launching Examtest] WARN  o.e.m.c.i.embedder.EclipseLogger - Using platform encoding (MS874 actually) to copy filtered resources, i.e. build is platform dependent!
2566-02-08 10:06:53,147 [Worker-27: Launching Examtest] INFO  o.e.m.c.i.embedder.EclipseLogger - skip non existing resourceDirectory D:\Exam\Exam\src\main\resources
2566-02-08 10:06:53,150 [Worker-27: Launching Examtest] WARN  o.e.m.c.i.embedder.EclipseLogger - Using platform encoding (MS874 actually) to copy filtered resources, i.e. build is platform dependent!
2566-02-08 10:06:53,151 [Worker-27: Launching Examtest] INFO  o.e.m.c.i.embedder.EclipseLogger - skip non existing resourceDirectory D:\Exam\Exam\src\test\resources
2566-02-08 10:09:54,219 [Worker-30: Launching Examtest] WARN  o.e.m.c.i.embedder.EclipseLogger - Using platform encoding (MS874 actually) to copy filtered resources, i.e. build is platform dependent!
2566-02-08 10:09:54,221 [Worker-30: Launching Examtest] INFO  o.e.m.c.i.embedder.EclipseLogger - skip non existing resourceDirectory D:\Exam\Exam\src\main\resources
2566-02-08 10:09:54,223 [Worker-30: Launching Examtest] WARN  o.e.m.c.i.embedder.EclipseLogger - Using platform encoding (MS874 actually) to copy filtered resources, i.e. build is platform dependent!
2566-02-08 10:09:54,224 [Worker-30: Launching Examtest] INFO  o.e.m.c.i.embedder.EclipseLogger - skip non existing resourceDirectory D:\Exam\Exam\src\test\resources
2566-02-08 10:10:59,226 [Worker-30: Launching Examtest] WARN  o.e.m.c.i.embedder.EclipseLogger - Using platform encoding (MS874 actually) to copy filtered resources, i.e. build is platform dependent!
2566-02-08 10:10:59,228 [Worker-30: Launching Examtest] INFO  o.e.m.c.i.embedder.EclipseLogger - skip non existing resourceDirectory D:\Exam\Exam\src\main\resources
2566-02-08 10:10:59,230 [Worker-30: Launching Examtest] WARN  o.e.m.c.i.embedder.EclipseLogger - Using platform encoding (MS874 actually) to copy filtered resources, i.e. build is platform dependent!
2566-02-08 10:10:59,231 [Worker-30: Launching Examtest] INFO  o.e.m.c.i.embedder.EclipseLogger - skip non existing resourceDirectory D:\Exam\Exam\src\test\resources
2566-02-08 10:14:37,109 [Worker-32: Launching Examtest] WARN  o.e.m.c.i.embedder.EclipseLogger - Using platform encoding (MS874 actually) to copy filtered resources, i.e. build is platform dependent!
2566-02-08 10:14:37,111 [Worker-32: Launching Examtest] INFO  o.e.m.c.i.embedder.EclipseLogger - skip non existing resourceDirectory D:\Exam\Exam\src\main\resources
2566-02-08 10:14:37,114 [Worker-32: Launching Examtest] WARN  o.e.m.c.i.embedder.EclipseLogger - Using platform encoding (MS874 actually) to copy filtered resources, i.e. build is platform dependent!
2566-02-08 10:14:37,115 [Worker-32: Launching Examtest] INFO  o.e.m.c.i.embedder.EclipseLogger - skip non existing resourceDirectory D:\Exam\Exam\src\test\resources
2566-02-08 10:15:20,326 [Worker-39: Launching Examtest] WARN  o.e.m.c.i.embedder.EclipseLogger - Using platform encoding (MS874 actually) to copy filtered resources, i.e. build is platform dependent!
2566-02-08 10:15:20,327 [Worker-39: Launching Examtest] INFO  o.e.m.c.i.embedder.EclipseLogger - skip non existing resourceDirectory D:\Exam\Exam\src\main\resources
2566-02-08 10:15:20,330 [Worker-39: Launching Examtest] WARN  o.e.m.c.i.embedder.EclipseLogger - Using platform encoding (MS874 actually) to copy filtered resources, i.e. build is platform dependent!
2566-02-08 10:15:20,331 [Worker-39: Launching Examtest] INFO  o.e.m.c.i.embedder.EclipseLogger - skip non existing resourceDirectory D:\Exam\Exam\src\test\resources
2566-02-08 10:20:07,823 [Worker-39: Launching Examtest] WARN  o.e.m.c.i.embedder.EclipseLogger - Using platform encoding (MS874 actually) to copy filtered resources, i.e. build is platform dependent!
2566-02-08 10:20:07,825 [Worker-39: Launching Examtest] INFO  o.e.m.c.i.embedder.EclipseLogger - skip non existing resourceDirectory D:\Exam\Exam\src\main\resources
2566-02-08 10:20:07,829 [Worker-39: Launching Examtest] WARN  o.e.m.c.i.embedder.EclipseLogger - Using platform encoding (MS874 actually) to copy filtered resources, i.e. build is platform dependent!
2566-02-08 10:20:07,830 [Worker-39: Launching Examtest] INFO  o.e.m.c.i.embedder.EclipseLogger - skip non existing resourceDirectory D:\Exam\Exam\src\test\resources
2566-02-08 10:31:06,216 [Worker-43: Launching Examtest] WARN  o.e.m.c.i.embedder.EclipseLogger - Using platform encoding (MS874 actually) to copy filtered resources, i.e. build is platform dependent!
2566-02-08 10:31:06,217 [Worker-43: Launching Examtest] INFO  o.e.m.c.i.embedder.EclipseLogger - skip non existing resourceDirectory D:\Exam\Exam\src\main\resources
2566-02-08 10:31:06,221 [Worker-43: Launching Examtest] WARN  o.e.m.c.i.embedder.EclipseLogger - Using platform encoding (MS874 actually) to copy filtered resources, i.e. build is platform dependent!
2566-02-08 10:31:06,222 [Worker-43: Launching Examtest] INFO  o.e.m.c.i.embedder.EclipseLogger - skip non existing resourceDirectory D:\Exam\Exam\src\test\resources
2566-02-08 10:39:58,527 [Worker-41: Launching Examtest] WARN  o.e.m.c.i.embedder.EclipseLogger - Using platform encoding (MS874 actually) to copy filtered resources, i.e. build is platform dependent!
2566-02-08 10:39:58,528 [Worker-41: Launching Examtest] INFO  o.e.m.c.i.embedder.EclipseLogger - skip non existing resourceDirectory D:\Exam\Exam\src\main\resources
2566-02-08 10:39:58,531 [Worker-41: Launching Examtest] WARN  o.e.m.c.i.embedder.EclipseLogger - Using platform encoding (MS874 actually) to copy filtered resources, i.e. build is platform dependent!
2566-02-08 10:39:58,532 [Worker-41: Launching Examtest] INFO  o.e.m.c.i.embedder.EclipseLogger - skip non existing resourceDirectory D:\Exam\Exam\src\test\resources
2566-02-08 10:45:14,926 [Worker-48: Launching Examtest] WARN  o.e.m.c.i.embedder.EclipseLogger - Using platform encoding (MS874 actually) to copy filtered resources, i.e. build is platform dependent!
2566-02-08 10:45:14,927 [Worker-48: Launching Examtest] INFO  o.e.m.c.i.embedder.EclipseLogger - skip non existing resourceDirectory D:\Exam\Exam\src\main\resources
2566-02-08 10:45:14,931 [Worker-48: Launching Examtest] WARN  o.e.m.c.i.embedder.EclipseLogger - Using platform encoding (MS874 actually) to copy filtered resources, i.e. build is platform dependent!
2566-02-08 10:45:14,932 [Worker-48: Launching Examtest] INFO  o.e.m.c.i.embedder.EclipseLogger - skip non existing resourceDirectory D:\Exam\Exam\src\test\resources
2566-02-08 10:45:42,364 [Worker-46: Launching Examtest] WARN  o.e.m.c.i.embedder.EclipseLogger - Using platform encoding (MS874 actually) to copy filtered resources, i.e. build is platform dependent!
2566-02-08 10:45:42,365 [Worker-46: Launching Examtest] INFO  o.e.m.c.i.embedder.EclipseLogger - skip non existing resourceDirectory D:\Exam\Exam\src\main\resources
2566-02-08 10:45:42,367 [Worker-46: Launching Examtest] WARN  o.e.m.c.i.embedder.EclipseLogger - Using platform encoding (MS874 actually) to copy filtered resources, i.e. build is platform dependent!
2566-02-08 10:45:42,368 [Worker-46: Launching Examtest] INFO  o.e.m.c.i.embedder.EclipseLogger - skip non existing resourceDirectory D:\Exam\Exam\src\test\resources
2566-02-08 10:58:45,699 [Worker-48: Launching Examtest] WARN  o.e.m.c.i.embedder.EclipseLogger - Using platform encoding (MS874 actually) to copy filtered resources, i.e. build is platform dependent!
2566-02-08 10:58:45,701 [Worker-48: Launching Examtest] INFO  o.e.m.c.i.embedder.EclipseLogger - skip non existing resourceDirectory D:\Exam\Exam\src\main\resources
2566-02-08 10:58:45,702 [Worker-48: Launching Examtest] WARN  o.e.m.c.i.embedder.EclipseLogger - Using platform encoding (MS874 actually) to copy filtered resources, i.e. build is platform dependent!
2566-02-08 10:58:45,703 [Worker-48: Launching Examtest] INFO  o.e.m.c.i.embedder.EclipseLogger - skip non existing resourceDirectory D:\Exam\Exam\src\test\resources
2566-02-08 11:01:05,775 [Worker-55: Launching Examtest] WARN  o.e.m.c.i.embedder.EclipseLogger - Using platform encoding (MS874 actually) to copy filtered resources, i.e. build is platform dependent!
2566-02-08 11:01:05,776 [Worker-55: Launching Examtest] INFO  o.e.m.c.i.embedder.EclipseLogger - skip non existing resourceDirectory D:\Exam\Exam\src\main\resources
2566-02-08 11:01:05,778 [Worker-55: Launching Examtest] WARN  o.e.m.c.i.embedder.EclipseLogger - Using platform encoding (MS874 actually) to copy filtered resources, i.e. build is platform dependent!
2566-02-08 11:01:05,778 [Worker-55: Launching Examtest] INFO  o.e.m.c.i.embedder.EclipseLogger - skip non existing resourceDirectory D:\Exam\Exam\src\test\resources
2566-02-08 11:01:51,994 [Worker-56: Launching Examtest] WARN  o.e.m.c.i.embedder.EclipseLogger - Using platform encoding (MS874 actually) to copy filtered resources, i.e. build is platform dependent!
2566-02-08 11:01:51,995 [Worker-56: Launching Examtest] INFO  o.e.m.c.i.embedder.EclipseLogger - skip non existing resourceDirectory D:\Exam\Exam\src\main\resources
2566-02-08 11:01:51,997 [Worker-56: Launching Examtest] WARN  o.e.m.c.i.embedder.EclipseLogger - Using platform encoding (MS874 actually) to copy filtered resources, i.e. build is platform dependent!
2566-02-08 11:01:51,998 [Worker-56: Launching Examtest] INFO  o.e.m.c.i.embedder.EclipseLogger - skip non existing resourceDirectory D:\Exam\Exam\src\test\resources
2566-02-08 11:03:58,267 [Worker-55: Launching Examtest] WARN  o.e.m.c.i.embedder.EclipseLogger - Using platform encoding (MS874 actually) to copy filtered resources, i.e. build is platform dependent!
2566-02-08 11:03:58,269 [Worker-55: Launching Examtest] INFO  o.e.m.c.i.embedder.EclipseLogger - skip non existing resourceDirectory D:\Exam\Exam\src\main\resources
2566-02-08 11:03:58,271 [Worker-55: Launching Examtest] WARN  o.e.m.c.i.embedder.EclipseLogger - Using platform encoding (MS874 actually) to copy filtered resources, i.e. build is platform dependent!
2566-02-08 11:03:58,272 [Worker-55: Launching Examtest] INFO  o.e.m.c.i.embedder.EclipseLogger - skip non existing resourceDirectory D:\Exam\Exam\src\test\resources
2566-02-08 11:05:56,516 [Worker-55: Launching Examtest] WARN  o.e.m.c.i.embedder.EclipseLogger - Using platform encoding (MS874 actually) to copy filtered resources, i.e. build is platform dependent!
2566-02-08 11:05:56,517 [Worker-55: Launching Examtest] INFO  o.e.m.c.i.embedder.EclipseLogger - skip non existing resourceDirectory D:\Exam\Exam\src\main\resources
2566-02-08 11:05:56,519 [Worker-55: Launching Examtest] WARN  o.e.m.c.i.embedder.EclipseLogger - Using platform encoding (MS874 actually) to copy filtered resources, i.e. build is platform dependent!
2566-02-08 11:05:56,520 [Worker-55: Launching Examtest] INFO  o.e.m.c.i.embedder.EclipseLogger - skip non existing resourceDirectory D:\Exam\Exam\src\test\resources
2566-02-08 11:07:22,015 [Worker-60: Launching Examtest] WARN  o.e.m.c.i.embedder.EclipseLogger - Using platform encoding (MS874 actually) to copy filtered resources, i.e. build is platform dependent!
2566-02-08 11:07:22,016 [Worker-60: Launching Examtest] INFO  o.e.m.c.i.embedder.EclipseLogger - skip non existing resourceDirectory D:\Exam\Exam\src\main\resources
2566-02-08 11:07:22,018 [Worker-60: Launching Examtest] WARN  o.e.m.c.i.embedder.EclipseLogger - Using platform encoding (MS874 actually) to copy filtered resources, i.e. build is platform dependent!
2566-02-08 11:07:22,019 [Worker-60: Launching Examtest] INFO  o.e.m.c.i.embedder.EclipseLogger - skip non existing resourceDirectory D:\Exam\Exam\src\test\resources
2566-02-08 11:08:52,808 [Worker-48: Launching Examtest] WARN  o.e.m.c.i.embedder.EclipseLogger - Using platform encoding (MS874 actually) to copy filtered resources, i.e. build is platform dependent!
2566-02-08 11:08:52,809 [Worker-48: Launching Examtest] INFO  o.e.m.c.i.embedder.EclipseLogger - skip non existing resourceDirectory D:\Exam\Exam\src\main\resources
2566-02-08 11:08:52,812 [Worker-48: Launching Examtest] WARN  o.e.m.c.i.embedder.EclipseLogger - Using platform encoding (MS874 actually) to copy filtered resources, i.e. build is platform dependent!
2566-02-08 11:08:52,813 [Worker-48: Launching Examtest] INFO  o.e.m.c.i.embedder.EclipseLogger - skip non existing resourceDirectory D:\Exam\Exam\src\test\resources
2566-02-08 11:10:51,206 [Worker-55: Launching Examtest] WARN  o.e.m.c.i.embedder.EclipseLogger - Using platform encoding (MS874 actually) to copy filtered resources, i.e. build is platform dependent!
2566-02-08 11:10:51,207 [Worker-55: Launching Examtest] INFO  o.e.m.c.i.embedder.EclipseLogger - skip non existing resourceDirectory D:\Exam\Exam\src\main\resources
2566-02-08 11:10:51,210 [Worker-55: Launching Examtest] WARN  o.e.m.c.i.embedder.EclipseLogger - Using platform encoding (MS874 actually) to copy filtered resources, i.e. build is platform dependent!
2566-02-08 11:10:51,211 [Worker-55: Launching Examtest] INFO  o.e.m.c.i.embedder.EclipseLogger - skip non existing resourceDirectory D:\Exam\Exam\src\test\resources
2566-02-08 11:14:34,717 [Worker-63: Launching Examtest] WARN  o.e.m.c.i.embedder.EclipseLogger - Using platform encoding (MS874 actually) to copy filtered resources, i.e. build is platform dependent!
2566-02-08 11:14:34,718 [Worker-63: Launching Examtest] INFO  o.e.m.c.i.embedder.EclipseLogger - skip non existing resourceDirectory D:\Exam\Exam\src\main\resources
2566-02-08 11:14:34,720 [Worker-63: Launching Examtest] WARN  o.e.m.c.i.embedder.EclipseLogger - Using platform encoding (MS874 actually) to copy filtered resources, i.e. build is platform dependent!
2566-02-08 11:14:34,721 [Worker-63: Launching Examtest] INFO  o.e.m.c.i.embedder.EclipseLogger - skip non existing resourceDirectory D:\Exam\Exam\src\test\resources
2566-02-08 11:16:16,708 [Worker-62: Launching Examtest] WARN  o.e.m.c.i.embedder.EclipseLogger - Using platform encoding (MS874 actually) to copy filtered resources, i.e. build is platform dependent!
2566-02-08 11:16:16,709 [Worker-62: Launching Examtest] INFO  o.e.m.c.i.embedder.EclipseLogger - skip non existing resourceDirectory D:\Exam\Exam\src\main\resources
2566-02-08 11:16:16,712 [Worker-62: Launching Examtest] WARN  o.e.m.c.i.embedder.EclipseLogger - Using platform encoding (MS874 actually) to copy filtered resources, i.e. build is platform dependent!
2566-02-08 11:16:16,713 [Worker-62: Launching Examtest] INFO  o.e.m.c.i.embedder.EclipseLogger - skip non existing resourceDirectory D:\Exam\Exam\src\test\resources
2566-02-08 11:16:49,288 [Worker-63: Launching Examtest] WARN  o.e.m.c.i.embedder.EclipseLogger - Using platform encoding (MS874 actually) to copy filtered resources, i.e. build is platform dependent!
2566-02-08 11:16:49,289 [Worker-63: Launching Examtest] INFO  o.e.m.c.i.embedder.EclipseLogger - skip non existing resourceDirectory D:\Exam\Exam\src\main\resources
2566-02-08 11:16:49,292 [Worker-63: Launching Examtest] WARN  o.e.m.c.i.embedder.EclipseLogger - Using platform encoding (MS874 actually) to copy filtered resources, i.e. build is platform dependent!
2566-02-08 11:16:49,293 [Worker-63: Launching Examtest] INFO  o.e.m.c.i.embedder.EclipseLogger - skip non existing resourceDirectory D:\Exam\Exam\src\test\resources
2566-02-08 11:17:23,002 [Worker-68: Launching Examtest] WARN  o.e.m.c.i.embedder.EclipseLogger - Using platform encoding (MS874 actually) to copy filtered resources, i.e. build is platform dependent!
2566-02-08 11:17:23,003 [Worker-68: Launching Examtest] INFO  o.e.m.c.i.embedder.EclipseLogger - skip non existing resourceDirectory D:\Exam\Exam\src\main\resources
2566-02-08 11:17:23,005 [Worker-68: Launching Examtest] WARN  o.e.m.c.i.embedder.EclipseLogger - Using platform encoding (MS874 actually) to copy filtered resources, i.e. build is platform dependent!
2566-02-08 11:17:23,006 [Worker-68: Launching Examtest] INFO  o.e.m.c.i.embedder.EclipseLogger - skip non existing resourceDirectory D:\Exam\Exam\src\test\resources
2566-02-08 11:18:32,325 [Worker-69: Launching Examtest] WARN  o.e.m.c.i.embedder.EclipseLogger - Using platform encoding (MS874 actually) to copy filtered resources, i.e. build is platform dependent!
2566-02-08 11:18:32,326 [Worker-69: Launching Examtest] INFO  o.e.m.c.i.embedder.EclipseLogger - skip non existing resourceDirectory D:\Exam\Exam\src\main\resources
2566-02-08 11:18:32,327 [Worker-69: Launching Examtest] WARN  o.e.m.c.i.embedder.EclipseLogger - Using platform encoding (MS874 actually) to copy filtered resources, i.e. build is platform dependent!
2566-02-08 11:18:32,329 [Worker-69: Launching Examtest] INFO  o.e.m.c.i.embedder.EclipseLogger - skip non existing resourceDirectory D:\Exam\Exam\src\test\resources
2566-02-08 11:20:01,743 [Worker-64: Building] WARN  o.e.m.c.i.embedder.EclipseLogger - Using platform encoding (MS874 actually) to copy filtered resources, i.e. build is platform dependent!
2566-02-08 11:20:01,744 [Worker-64: Building] INFO  o.e.m.c.i.embedder.EclipseLogger - skip non existing resourceDirectory D:\Exam\Exam\src\main\resources
2566-02-08 11:20:01,746 [Worker-64: Building] WARN  o.e.m.c.i.embedder.EclipseLogger - Using platform encoding (MS874 actually) to copy filtered resources, i.e. build is platform dependent!
2566-02-08 11:20:01,746 [Worker-64: Building] INFO  o.e.m.c.i.embedder.EclipseLogger - skip non existing resourceDirectory D:\Exam\Exam\src\test\resources
2566-02-08 11:21:03,931 [Worker-63: Launching Examtest] WARN  o.e.m.c.i.embedder.EclipseLogger - Using platform encoding (MS874 actually) to copy filtered resources, i.e. build is platform dependent!
2566-02-08 11:21:03,932 [Worker-63: Launching Examtest] INFO  o.e.m.c.i.embedder.EclipseLogger - skip non existing resourceDirectory D:\Exam\Exam\src\main\resources
2566-02-08 11:21:03,934 [Worker-63: Launching Examtest] WARN  o.e.m.c.i.embedder.EclipseLogger - Using platform encoding (MS874 actually) to copy filtered resources, i.e. build is platform dependent!
2566-02-08 11:21:03,935 [Worker-63: Launching Examtest] INFO  o.e.m.c.i.embedder.EclipseLogger - skip non existing resourceDirectory D:\Exam\Exam\src\test\resources
2566-02-08 11:21:34,679 [Worker-71: Building] WARN  o.e.m.c.i.embedder.EclipseLogger - Using platform encoding (MS874 actually) to copy filtered resources, i.e. build is platform dependent!
2566-02-08 11:21:34,679 [Worker-71: Building] INFO  o.e.m.c.i.embedder.EclipseLogger - skip non existing resourceDirectory D:\Exam\Exam\src\main\resources
2566-02-08 11:21:34,681 [Worker-71: Building] WARN  o.e.m.c.i.embedder.EclipseLogger - Using platform encoding (MS874 actually) to copy filtered resources, i.e. build is platform dependent!
2566-02-08 11:21:34,681 [Worker-71: Building] INFO  o.e.m.c.i.embedder.EclipseLogger - skip non existing resourceDirectory D:\Exam\Exam\src\test\resources
2566-02-08 11:22:24,132 [Worker-70: Building] WARN  o.e.m.c.i.embedder.EclipseLogger - Using platform encoding (MS874 actually) to copy filtered resources, i.e. build is platform dependent!
2566-02-08 11:22:24,133 [Worker-70: Building] INFO  o.e.m.c.i.embedder.EclipseLogger - skip non existing resourceDirectory D:\Exam\Exam\src\main\resources
2566-02-08 11:22:24,135 [Worker-70: Building] WARN  o.e.m.c.i.embedder.EclipseLogger - Using platform encoding (MS874 actually) to copy filtered resources, i.e. build is platform dependent!
2566-02-08 11:22:24,136 [Worker-70: Building] INFO  o.e.m.c.i.embedder.EclipseLogger - skip non existing resourceDirectory D:\Exam\Exam\src\test\resources
